This file contains any messages produced by compilers while
running configure, to aid debugging if configure makes a mistake.

It was created by assign3 configure 0.1, which was
generated by GNU Autoconf 2.68.  Invocation command line was

  $ ./configure 

## --------- ##
## Platform. ##
## --------- ##

hostname = rick-HP-625
uname -m = i686
uname -r = 3.2.0-40-generic-pae
uname -s = Linux
uname -v = #64-Ubuntu SMP Mon Mar 25 21:44:41 UTC 2013

/usr/bin/uname -p = unknown
/bin/uname -X     = unknown

/bin/arch              = unknown
/usr/bin/arch -k       = unknown
/usr/convex/getsysinfo = unknown
/usr/bin/hostinfo      = unknown
/bin/machine           = unknown
/usr/bin/oslevel       = unknown
/bin/universe          = unknown

PATH: /home/rick/bin
PATH: /usr/local/sbin
PATH: /usr/local/bin
PATH: /usr/sbin
PATH: /usr/bin
PATH: /sbin
PATH: /bin
PATH: /usr/games
PATH: /home/rick/bin
PATH: /usr/local/java/jdk1.7.0_09/bin
PATH: /home/rick/bin
PATH: /usr/local/java/jre1.7.0_09/bin


## ----------- ##
## Core tests. ##
## ----------- ##

configure:1835: checking for pkg-config
configure:1853: found /usr/bin/pkg-config
configure:1865: result: /usr/bin/pkg-config
configure:1890: checking pkg-config is at least version 0.9.0
configure:1893: result: yes
configure:1903: checking for assign3
configure:1910: $PKG_CONFIG --exists --print-errors "gtkmm-3.0 >= 3.0.0"
configure:1913: $? = 0
configure:1927: $PKG_CONFIG --exists --print-errors "gtkmm-3.0 >= 3.0.0"
configure:1930: $? = 0
configure:1988: result: yes
configure:2037: checking for a BSD-compatible install
configure:2105: result: /usr/bin/install -c
configure:2116: checking whether build environment is sane
configure:2166: result: yes
configure:2307: checking for a thread-safe mkdir -p
configure:2346: result: /bin/mkdir -p
configure:2359: checking for gawk
configure:2389: result: no
configure:2359: checking for mawk
configure:2375: found /usr/bin/mawk
configure:2386: result: mawk
configure:2397: checking whether make sets $(MAKE)
configure:2419: result: yes
configure:2550: checking for g++
configure:2566: found /usr/bin/g++
configure:2577: result: g++
configure:2604: checking for C++ compiler version
configure:2613: g++ --version >&5
g++ (Ubuntu/Linaro 4.6.3-1ubuntu5) 4.6.3
Copyright (C) 2011 Free Software Foundation, Inc.
This is free software; see the source for copying conditions.  There is NO
warranty; not even for MERCHANTABILITY or FITNESS FOR A PARTICULAR PURPOSE.

configure:2624: $? = 0
configure:2613: g++ -v >&5
Using built-in specs.
COLLECT_GCC=g++
COLLECT_LTO_WRAPPER=/usr/lib/gcc/i686-linux-gnu/4.6/lto-wrapper
Target: i686-linux-gnu
Configured with: ../src/configure -v --with-pkgversion='Ubuntu/Linaro 4.6.3-1ubuntu5' --with-bugurl=file:///usr/share/doc/gcc-4.6/README.Bugs --enable-languages=c,c++,fortran,objc,obj-c++ --prefix=/usr --program-suffix=-4.6 --enable-shared --enable-linker-build-id --with-system-zlib --libexecdir=/usr/lib --without-included-gettext --enable-threads=posix --with-gxx-include-dir=/usr/include/c++/4.6 --libdir=/usr/lib --enable-nls --with-sysroot=/ --enable-clocale=gnu --enable-libstdcxx-debug --enable-libstdcxx-time=yes --enable-gnu-unique-object --enable-plugin --enable-objc-gc --enable-targets=all --disable-werror --with-arch-32=i686 --with-tune=generic --enable-checking=release --build=i686-linux-gnu --host=i686-linux-gnu --target=i686-linux-gnu
Thread model: posix
gcc version 4.6.3 (Ubuntu/Linaro 4.6.3-1ubuntu5) 
configure:2624: $? = 0
configure:2613: g++ -V >&5
g++: error: unrecognized option '-V'
g++: fatal error: no input files
compilation terminated.
configure:2624: $? = 4
configure:2613: g++ -qversion >&5
g++: error: unrecognized option '-qversion'
g++: fatal error: no input files
compilation terminated.
configure:2624: $? = 4
configure:2644: checking whether the C++ compiler works
configure:2666: g++    conftest.cpp  >&5
configure:2670: $? = 0
configure:2718: result: yes
configure:2721: checking for C++ compiler default output file name
configure:2723: result: a.out
configure:2729: checking for suffix of executables
configure:2736: g++ -o conftest    conftest.cpp  >&5
configure:2740: $? = 0
configure:2762: result: 
configure:2784: checking whether we are cross compiling
configure:2792: g++ -o conftest    conftest.cpp  >&5
configure:2796: $? = 0
configure:2803: ./conftest
configure:2807: $? = 0
configure:2822: result: no
configure:2827: checking for suffix of object files
configure:2849: g++ -c   conftest.cpp >&5
configure:2853: $? = 0
configure:2874: result: o
configure:2878: checking whether we are using the GNU C++ compiler
configure:2897: g++ -c   conftest.cpp >&5
configure:2897: $? = 0
configure:2906: result: yes
configure:2915: checking whether g++ accepts -g
configure:2935: g++ -c -g  conftest.cpp >&5
configure:2935: $? = 0
configure:2976: result: yes
configure:3010: checking for style of include used by make
configure:3038: result: GNU
configure:3064: checking dependency style of g++
configure:3175: result: gcc3
configure:3322: creating ./config.status

## ---------------------- ##
## Running config.status. ##
## ---------------------- ##

This file was extended by assign3 config.status 0.1, which was
generated by GNU Autoconf 2.68.  Invocation command line was

  CONFIG_FILES    = 
  CONFIG_HEADERS  = 
  CONFIG_LINKS    = 
  CONFIG_COMMANDS = 
  $ ./config.status 

on rick-HP-625

config.status:857: creating Makefile
config.status:857: creating config.h
config.status:1038: config.h is unchanged
config.status:1086: executing depfiles commands

## ---------------- ##
## Cache variables. ##
## ---------------- ##

ac_cv_cxx_compiler_gnu=yes
ac_cv_env_CCC_set=
ac_cv_env_CCC_value=
ac_cv_env_CPPFLAGS_set=
ac_cv_env_CPPFLAGS_value=
ac_cv_env_CXXFLAGS_set=
ac_cv_env_CXXFLAGS_value=
ac_cv_env_CXX_set=
ac_cv_env_CXX_value=
ac_cv_env_LDFLAGS_set=
ac_cv_env_LDFLAGS_value=
ac_cv_env_LIBS_set=
ac_cv_env_LIBS_value=
ac_cv_env_PKG_CONFIG_LIBDIR_set=
ac_cv_env_PKG_CONFIG_LIBDIR_value=
ac_cv_env_PKG_CONFIG_PATH_set=
ac_cv_env_PKG_CONFIG_PATH_value=
ac_cv_env_PKG_CONFIG_set=
ac_cv_env_PKG_CONFIG_value=
ac_cv_env_assign3_CFLAGS_set=
ac_cv_env_assign3_CFLAGS_value=
ac_cv_env_assign3_LIBS_set=
ac_cv_env_assign3_LIBS_value=
ac_cv_env_build_alias_set=
ac_cv_env_build_alias_value=
ac_cv_env_host_alias_set=
ac_cv_env_host_alias_value=
ac_cv_env_target_alias_set=
ac_cv_env_target_alias_value=
ac_cv_objext=o
ac_cv_path_ac_pt_PKG_CONFIG=/usr/bin/pkg-config
ac_cv_path_install='/usr/bin/install -c'
ac_cv_path_mkdir=/bin/mkdir
ac_cv_prog_AWK=mawk
ac_cv_prog_ac_ct_CXX=g++
ac_cv_prog_cxx_g=yes
ac_cv_prog_make_make_set=yes
am_cv_CXX_dependencies_compiler_type=gcc3
pkg_cv_assign3_CFLAGS='-pthread -I/usr/local/include/gtkmm-3.0 -I/usr/local/lib/gtkmm-3.0/include -I/usr/local/include/gdkmm-3.0 -I/usr/local/lib/gdkmm-3.0/include -I/usr/include/atkmm-1.6 -I/usr/include/giomm-2.4 -I/usr/lib/i386-linux-gnu/giomm-2.4/include -I/usr/include/pangomm-1.4 -I/usr/lib/i386-linux-gnu/pangomm-1.4/include -I/usr/include/gtk-3.0 -I/usr/include/cairomm-1.0 -I/usr/lib/i386-linux-gnu/cairomm-1.0/include -I/usr/include/gdk-pixbuf-2.0 -I/usr/include/gtk-3.0/unix-print -I/usr/include/atk-1.0 -I/usr/include/glibmm-2.4 -I/usr/lib/i386-linux-gnu/glibmm-2.4/include -I/usr/include/glib-2.0 -I/usr/lib/i386-linux-gnu/glib-2.0/include -I/usr/include/sigc++-2.0 -I/usr/lib/i386-linux-gnu/sigc++-2.0/include -I/usr/include/pango-1.0 -I/usr/include/cairo -I/usr/include/pixman-1 -I/usr/include/freetype2 -I/usr/include/libpng12 -I/usr/include/gio-unix-2.0/  '
pkg_cv_assign3_LIBS='-L/usr/local/lib -lgtkmm-3.0 -latkmm-1.6 -lgdkmm-3.0 -lgiomm-2.4 -lpangomm-1.4 -lgtk-3 -lglibmm-2.4 -lcairomm-1.0 -lgdk-3 -latk-1.0 -lgio-2.0 -lpangocairo-1.0 -lgdk_pixbuf-2.0 -lcairo-gobject -lpango-1.0 -lcairo -lsigc-2.0 -lgobject-2.0 -lglib-2.0  '

## ----------------- ##
## Output variables. ##
## ----------------- ##

ACLOCAL='${SHELL} /home/rick/oef/cpp/stanford_prog_abstr/assgn1/assgn_am/missing --run aclocal-1.11'
AMDEPBACKSLASH='\'
AMDEP_FALSE='#'
AMDEP_TRUE=''
AMTAR='$${TAR-tar}'
AUTOCONF='${SHELL} /home/rick/oef/cpp/stanford_prog_abstr/assgn1/assgn_am/missing --run autoconf'
AUTOHEADER='${SHELL} /home/rick/oef/cpp/stanford_prog_abstr/assgn1/assgn_am/missing --run autoheader'
AUTOMAKE='${SHELL} /home/rick/oef/cpp/stanford_prog_abstr/assgn1/assgn_am/missing --run automake-1.11'
AWK='mawk'
CPPFLAGS=''
CXX='g++'
CXXDEPMODE='depmode=gcc3'
CXXFLAGS='-g -O2'
CYGPATH_W='echo'
DEFS='-DHAVE_CONFIG_H'
DEPDIR='.deps'
ECHO_C=''
ECHO_N='-n'
ECHO_T=''
EXEEXT=''
INSTALL_DATA='${INSTALL} -m 644'
INSTALL_PROGRAM='${INSTALL}'
INSTALL_SCRIPT='${INSTALL}'
INSTALL_STRIP_PROGRAM='$(install_sh) -c -s'
LDFLAGS=''
LIBOBJS=''
LIBS=''
LTLIBOBJS=''
MAKEINFO='${SHELL} /home/rick/oef/cpp/stanford_prog_abstr/assgn1/assgn_am/missing --run makeinfo'
MKDIR_P='/bin/mkdir -p'
OBJEXT='o'
PACKAGE='assign3'
PACKAGE_BUGREPORT='bug-report@hello.example.com'
PACKAGE_NAME='assign3'
PACKAGE_STRING='assign3 0.1'
PACKAGE_TARNAME='assign3'
PACKAGE_URL='http://hello.example.com/'
PACKAGE_VERSION='0.1'
PATH_SEPARATOR=':'
PKG_CONFIG='/usr/bin/pkg-config'
PKG_CONFIG_LIBDIR=''
PKG_CONFIG_PATH=''
SET_MAKE=''
SHELL='/bin/bash'
STRIP=''
VERSION='0.1'
ac_ct_CXX='g++'
am__EXEEXT_FALSE=''
am__EXEEXT_TRUE='#'
am__fastdepCXX_FALSE='#'
am__fastdepCXX_TRUE=''
am__include='include'
am__isrc=''
am__leading_dot='.'
am__nodep='_no'
am__quote=''
am__tar='$${TAR-tar} chof - "$$tardir"'
am__untar='$${TAR-tar} xf -'
assign3_CFLAGS='-pthread -I/usr/local/include/gtkmm-3.0 -I/usr/local/lib/gtkmm-3.0/include -I/usr/local/include/gdkmm-3.0 -I/usr/local/lib/gdkmm-3.0/include -I/usr/include/atkmm-1.6 -I/usr/include/giomm-2.4 -I/usr/lib/i386-linux-gnu/giomm-2.4/include -I/usr/include/pangomm-1.4 -I/usr/lib/i386-linux-gnu/pangomm-1.4/include -I/usr/include/gtk-3.0 -I/usr/include/cairomm-1.0 -I/usr/lib/i386-linux-gnu/cairomm-1.0/include -I/usr/include/gdk-pixbuf-2.0 -I/usr/include/gtk-3.0/unix-print -I/usr/include/atk-1.0 -I/usr/include/glibmm-2.4 -I/usr/lib/i386-linux-gnu/glibmm-2.4/include -I/usr/include/glib-2.0 -I/usr/lib/i386-linux-gnu/glib-2.0/include -I/usr/include/sigc++-2.0 -I/usr/lib/i386-linux-gnu/sigc++-2.0/include -I/usr/include/pango-1.0 -I/usr/include/cairo -I/usr/include/pixman-1 -I/usr/include/freetype2 -I/usr/include/libpng12 -I/usr/include/gio-unix-2.0/  '
assign3_LIBS='-L/usr/local/lib -lgtkmm-3.0 -latkmm-1.6 -lgdkmm-3.0 -lgiomm-2.4 -lpangomm-1.4 -lgtk-3 -lglibmm-2.4 -lcairomm-1.0 -lgdk-3 -latk-1.0 -lgio-2.0 -lpangocairo-1.0 -lgdk_pixbuf-2.0 -lcairo-gobject -lpango-1.0 -lcairo -lsigc-2.0 -lgobject-2.0 -lglib-2.0  '
bindir='${exec_prefix}/bin'
build_alias=''
datadir='${datarootdir}'
datarootdir='${prefix}/share'
docdir='${datarootdir}/doc/${PACKAGE_TARNAME}'
dvidir='${docdir}'
exec_prefix='${prefix}'
host_alias=''
htmldir='${docdir}'
includedir='${prefix}/include'
infodir='${datarootdir}/info'
install_sh='${SHELL} /home/rick/oef/cpp/stanford_prog_abstr/assgn1/assgn_am/install-sh'
libdir='${exec_prefix}/lib'
libexecdir='${exec_prefix}/libexec'
localedir='${datarootdir}/locale'
localstatedir='${prefix}/var'
mandir='${datarootdir}/man'
mkdir_p='/bin/mkdir -p'
oldincludedir='/usr/include'
pdfdir='${docdir}'
prefix='/usr/local'
program_transform_name='s,x,x,'
psdir='${docdir}'
sbindir='${exec_prefix}/sbin'
sharedstatedir='${prefix}/com'
sysconfdir='${prefix}/etc'
target_alias=''

## ----------- ##
## confdefs.h. ##
## ----------- ##

/* confdefs.h */
#define PACKAGE_NAME "assign3"
#define PACKAGE_TARNAME "assign3"
#define PACKAGE_VERSION "0.1"
#define PACKAGE_STRING "assign3 0.1"
#define PACKAGE_BUGREPORT "bug-report@hello.example.com"
#define PACKAGE_URL "http://hello.example.com/"

configure: exit 0
